  Blank.cpp
c:\users\tiziano\desktop\msc_games_software_development\graphics and animation\reassignment_tiziano_casu\reassignment\blank.cpp(179): warning C4805: '==': unsafe mix of type 'float' and type 'bool' in operation
c:\users\tiziano\desktop\msc_games_software_development\graphics and animation\reassignment_tiziano_casu\reassignment\blank.cpp(183): warning C4805: '==': unsafe mix of type 'float' and type 'bool' in operation
c:\users\tiziano\desktop\msc_games_software_development\graphics and animation\reassignment_tiziano_casu\reassignment\blank.cpp(188): warning C4805: '==': unsafe mix of type 'float' and type 'bool' in operation
c:\users\tiziano\desktop\msc_games_software_development\graphics and animation\reassignment_tiziano_casu\reassignment\blank.cpp(198): warning C4805: '==': unsafe mix of type 'float' and type 'bool' in operation
c:\users\tiziano\desktop\msc_games_software_development\graphics and animation\reassignment_tiziano_casu\reassignment\blank.cpp(203): warning C4805: '==': unsafe mix of type 'float' and type 'bool' in operation
c:\users\tiziano\desktop\msc_games_software_development\graphics and animation\reassignment_tiziano_casu\reassignment\blank.cpp(325): warning C4805: '==': unsafe mix of type 'float' and type 'bool' in operation
c:\users\tiziano\desktop\msc_games_software_development\graphics and animation\reassignment_tiziano_casu\reassignment\blank.cpp(329): warning C4305: '+=': truncation from 'double' to 'float'
c:\users\tiziano\desktop\msc_games_software_development\graphics and animation\reassignment_tiziano_casu\reassignment\blank.cpp(333): warning C4305: '+=': truncation from 'double' to 'float'
c:\users\tiziano\desktop\msc_games_software_development\graphics and animation\reassignment_tiziano_casu\reassignment\blank.cpp(343): warning C4805: '==': unsafe mix of type 'float' and type 'bool' in operation
c:\users\tiziano\desktop\msc_games_software_development\graphics and animation\reassignment_tiziano_casu\reassignment\blank.cpp(347): warning C4305: '+=': truncation from 'double' to 'float'
c:\users\tiziano\desktop\msc_games_software_development\graphics and animation\reassignment_tiziano_casu\reassignment\blank.cpp(351): warning C4305: '+=': truncation from 'double' to 'float'
c:\users\tiziano\desktop\msc_games_software_development\graphics and animation\reassignment_tiziano_casu\reassignment\blank.cpp(361): warning C4805: '==': unsafe mix of type 'float' and type 'bool' in operation
c:\users\tiziano\desktop\msc_games_software_development\graphics and animation\reassignment_tiziano_casu\reassignment\blank.cpp(365): warning C4305: '+=': truncation from 'double' to 'float'
c:\users\tiziano\desktop\msc_games_software_development\graphics and animation\reassignment_tiziano_casu\reassignment\blank.cpp(369): warning C4305: '+=': truncation from 'double' to 'float'
c:\users\tiziano\desktop\msc_games_software_development\graphics and animation\reassignment_tiziano_casu\reassignment\blank.cpp(378): warning C4805: '==': unsafe mix of type 'float' and type 'bool' in operation
c:\users\tiziano\desktop\msc_games_software_development\graphics and animation\reassignment_tiziano_casu\reassignment\blank.cpp(382): warning C4305: '+=': truncation from 'double' to 'float'
c:\users\tiziano\desktop\msc_games_software_development\graphics and animation\reassignment_tiziano_casu\reassignment\blank.cpp(386): warning C4305: '+=': truncation from 'double' to 'float'
Blank.obj : error LNK2019: unresolved external symbol _Direct3DCreate9@4 referenced in function "long __cdecl SetupD3D(struct HWND__ *)" (?SetupD3D@@YAJPAUHWND__@@@Z)
Blank.obj : error LNK2019: unresolved external symbol _D3DXMatrixLookAtLH@16 referenced in function "void __cdecl SetupViewMatrices(void)" (?SetupViewMatrices@@YAXXZ)
Blank.obj : error LNK2019: unresolved external symbol _D3DXMatrixPerspectiveFovLH@20 referenced in function "void __cdecl SetupViewMatrices(void)" (?SetupViewMatrices@@YAXXZ)
Blank.obj : error LNK2019: unresolved external symbol _DirectInput8Create@20 referenced in function "int __stdcall SetupDirectInput(struct HINSTANCE__ *,struct HWND__ *)" (?SetupDirectInput@@YGHPAUHINSTANCE__@@PAUHWND__@@@Z)
Blank.obj : error LNK2001: unresolved external symbol _IID_IDirectInput8A
Blank.obj : error LNK2001: unresolved external symbol _GUID_SysKeyboard
Blank.obj : error LNK2001: unresolved external symbol _c_dfDIKeyboard
LittleCube.obj : error LNK2019: unresolved external symbol _D3DXMatrixMultiply@12 referenced in function "public: void __thiscall LittleCube::rotateTheColumn(struct IDirect3DDevice9 *,float,int)" (?rotateTheColumn@LittleCube@@QAEXPAUIDirect3DDevice9@@MH@Z)
LittleCube.obj : error LNK2019: unresolved external symbol _D3DXMatrixTranslation@16 referenced in function "public: void __thiscall LittleCube::rotateTheColumn(struct IDirect3DDevice9 *,float,int)" (?rotateTheColumn@LittleCube@@QAEXPAUIDirect3DDevice9@@MH@Z)
LittleCube.obj : error LNK2019: unresolved external symbol _D3DXMatrixTransformation@28 referenced in function "public: void __thiscall LittleCube::drawTheRB(struct IDirect3DDevice9 *)" (?drawTheRB@LittleCube@@QAEXPAUIDirect3DDevice9@@@Z)
LittleCube.obj : error LNK2019: unresolved external symbol _D3DXQuaternionRotationAxis@12 referenced in function "public: void __thiscall LittleCube::rotateTheColumn(struct IDirect3DDevice9 *,float,int)" (?rotateTheColumn@LittleCube@@QAEXPAUIDirect3DDevice9@@MH@Z)
LittleCube.obj : error LNK2019: unresolved external symbol _D3DXCreateFontA@48 referenced in function "public: long __thiscall LittleCube::initializeUI(struct IDirect3DDevice9 *)" (?initializeUI@LittleCube@@QAEJPAUIDirect3DDevice9@@@Z)
LittleCube.obj : error LNK2019: unresolved external symbol _D3DXCreateTextureFromFileA@12 referenced in function "public: void __thiscall LittleCube::LoadTextures(struct IDirect3DDevice9 *)" (?LoadTextures@LittleCube@@QAEXPAUIDirect3DDevice9@@@Z)
.\Release/Blank.exe : fatal error LNK1120: 13 unresolved externals
